\BOOKMARK [1][-]{section.1}{Introduction}{}% 1
\BOOKMARK [2][-]{subsection.1.1}{Segmentation}{section.1}% 2
\BOOKMARK [2][-]{subsection.1.2}{Superpixels}{section.1}% 3
\BOOKMARK [3][-]{subsubsection.1.2.1}{A good superpixel segmentation}{subsection.1.2}% 4
\BOOKMARK [3][-]{subsubsection.1.2.2}{Literature}{subsection.1.2}% 5
\BOOKMARK [3][-]{subsubsection.1.2.3}{Ambitions}{subsection.1.2}% 6
\BOOKMARK [1][-]{section.2}{Dataset generation}{}% 7
\BOOKMARK [2][-]{subsection.2.1}{COCO dataset}{section.2}% 8
\BOOKMARK [2][-]{subsection.2.2}{Eikonal}{section.2}% 9
\BOOKMARK [2][-]{subsection.2.3}{Global approach}{section.2}% 10
\BOOKMARK [1][-]{section.3}{The model}{}% 11
\BOOKMARK [2][-]{subsection.3.1}{Network architecture}{section.3}% 12
\BOOKMARK [3][-]{subsubsection.3.1.1}{Layers definitions}{subsection.3.1}% 13
\BOOKMARK [3][-]{subsubsection.3.1.2}{Context Aggregation Network}{subsection.3.1}% 14
\BOOKMARK [3][-]{subsubsection.3.1.3}{UNet}{subsection.3.1}% 15
\BOOKMARK [3][-]{subsubsection.3.1.4}{Chen + UNet}{subsection.3.1}% 16
\BOOKMARK [2][-]{subsection.3.2}{Total Variation Loss}{section.3}% 17
\BOOKMARK [1][-]{section.4}{Experiments and results}{}% 18
\BOOKMARK [2][-]{subsection.4.1}{Implementation}{section.4}% 19
\BOOKMARK [2][-]{subsection.4.2}{Hyperparameter tuning}{section.4}% 20
\BOOKMARK [3][-]{subsubsection.4.2.1}{Learning rate}{subsection.4.2}% 21
\BOOKMARK [3][-]{subsubsection.4.2.2}{Network size d}{subsection.4.2}% 22
\BOOKMARK [3][-]{subsubsection.4.2.3}{Number of epochs}{subsection.4.2}% 23
\BOOKMARK [3][-]{subsubsection.4.2.4}{TV regularization}{subsection.4.2}% 24
\BOOKMARK [2][-]{subsection.4.3}{Results on dataset}{section.4}% 25
\BOOKMARK [1][-]{section.5}{Conclusion/Discussion}{}% 26
